<?xml version="1.0" encoding="UTF-8"?>
<!-- Generated by org.testng.reporters.JUnitReportReporter -->
<testsuite hostname="DESKTOP-BD6P1VU" failures="0" tests="1" name="Login_Test_Cases" time="5.249" errors="0" timestamp="2023-10-04T13:47:03 EET" skipped="0">
  <testcase classname="Login_Test_Cases" name="logInTest" time="5.249"/>
  <system-out/>
</testsuite> <!-- Login_Test_Cases -->
